<?xml version="1.0" encoding="UTF-8" ?>
<testsuite tests="3" failures="0" name="org.example.my.StringServiceTest" time="0.006" errors="0" skipped="0">
  <properties>
[...]
</properties>
  <testcase classname="org.example.my.StringServiceTest" name="getCountOfStringsStartsWith" time="0.006"/>
  <testcase classname="org.example.my.StringServiceTest" name="getCountOfStringEquals" time="0"/>
  <testcase classname="org.example.my.StringServiceTest" name="getCountOfStringsWithoutSubstring" time="0"/>
</testsuite>